<?xml version="1.0" encoding="UTF-8"?>
<robot generator="Robot 4.1.2 (Python 3.10.0 on win32)" generated="20211027 04:14:43.520" rpa="false" schemaversion="2">
<suite id="s1" name="LandingPage" source="C:\GitHub\SwagLabs (Robot Framework)\Tests\LandingPage.robot">
<test id="s1-t1" name="Login Test Case">
<kw name="Start TestCase" library="CommonFunctionality" type="SETUP">
<kw name="Open Browser" library="SeleniumLibrary">
<arg>https://www.saucedemo.com/</arg>
<arg>Chrome</arg>
<doc>Opens a new browser instance to the optional ``url``.</doc>
<msg timestamp="20211027 04:14:44.289" level="INFO">Opening browser 'Chrome' to base url 'https://www.saucedemo.com/'.</msg>
<status status="PASS" starttime="20211027 04:14:44.289" endtime="20211027 04:14:47.683"/>
</kw>
<kw name="Maximize Browser Window" library="SeleniumLibrary">
<doc>Maximizes current browser window.</doc>
<status status="PASS" starttime="20211027 04:14:47.683" endtime="20211027 04:14:48.266"/>
</kw>
<status status="PASS" starttime="20211027 04:14:44.289" endtime="20211027 04:14:48.269"/>
</kw>
<kw name="Enter Login Details and Login" library="LandingPage_UserDefinedKeywords">
<kw name="Click Element" library="SeleniumLibrary">
<arg>xpath://input[@id='user-name']</arg>
<doc>Click the element identified by ``locator``.</doc>
<msg timestamp="20211027 04:14:48.281" level="INFO">Clicking element 'xpath://input[@id='user-name']'.</msg>
<status status="PASS" starttime="20211027 04:14:48.279" endtime="20211027 04:14:48.522"/>
</kw>
<kw name="Input Text" library="SeleniumLibrary">
<arg>xpath://input[@id='user-name']</arg>
<arg>standard_user</arg>
<doc>Types the given ``text`` into the text field identified by ``locator``.</doc>
<msg timestamp="20211027 04:14:48.522" level="INFO">Typing text 'standard_user' into text field 'xpath://input[@id='user-name']'.</msg>
<status status="PASS" starttime="20211027 04:14:48.522" endtime="20211027 04:14:48.914"/>
</kw>
<kw name="Click Element" library="SeleniumLibrary">
<arg>xpath://input[@id='password']</arg>
<doc>Click the element identified by ``locator``.</doc>
<msg timestamp="20211027 04:14:48.914" level="INFO">Clicking element 'xpath://input[@id='password']'.</msg>
<status status="PASS" starttime="20211027 04:14:48.914" endtime="20211027 04:14:49.070"/>
</kw>
<kw name="Input Text" library="SeleniumLibrary">
<arg>xpath://input[@id='password']</arg>
<arg>secret_sauce</arg>
<doc>Types the given ``text`` into the text field identified by ``locator``.</doc>
<msg timestamp="20211027 04:14:49.070" level="INFO">Typing text 'secret_sauce' into text field 'xpath://input[@id='password']'.</msg>
<status status="PASS" starttime="20211027 04:14:49.070" endtime="20211027 04:14:49.375"/>
</kw>
<kw name="Click Element" library="SeleniumLibrary">
<arg>xpath:/html/body/div[1]/div/div[2]/div[1]/div[1]/div/form/input</arg>
<doc>Click the element identified by ``locator``.</doc>
<msg timestamp="20211027 04:14:49.375" level="INFO">Clicking element 'xpath:/html/body/div[1]/div/div[2]/div[1]/div[1]/div/form/input'.</msg>
<status status="PASS" starttime="20211027 04:14:49.375" endtime="20211027 04:14:49.822"/>
</kw>
<status status="PASS" starttime="20211027 04:14:48.276" endtime="20211027 04:14:49.822"/>
</kw>
<kw name="End TestCase" library="CommonFunctionality" type="TEARDOWN">
<kw name="Sleep" library="BuiltIn">
<arg>2</arg>
<doc>Pauses the test executed for the given time.</doc>
<msg timestamp="20211027 04:14:51.887" level="INFO">Slept 2 seconds</msg>
<status status="PASS" starttime="20211027 04:14:49.881" endtime="20211027 04:14:51.887"/>
</kw>
<kw name="Close Browser" library="SeleniumLibrary">
<doc>Closes the current browser.</doc>
<status status="PASS" starttime="20211027 04:14:51.887" endtime="20211027 04:14:54.498"/>
</kw>
<status status="PASS" starttime="20211027 04:14:49.880" endtime="20211027 04:14:54.498"/>
</kw>
<doc>This Test Case Verifies Successful Login</doc>
<tag>Login Functionality</tag>
<status status="PASS" starttime="20211027 04:14:44.289" endtime="20211027 04:14:54.498"/>
</test>
<doc>Login Functionality</doc>
<status status="PASS" starttime="20211027 04:14:43.528" endtime="20211027 04:14:54.498"/>
</suite>
<statistics>
<total>
<stat pass="1" fail="0" skip="0">All Tests</stat>
</total>
<tag>
<stat pass="1" fail="0" skip="0">Login Functionality</stat>
</tag>
<suite>
<stat pass="1" fail="0" skip="0" id="s1" name="LandingPage">LandingPage</stat>
</suite>
</statistics>
<errors>
</errors>
</robot>
